2024-01-29 22:29:42,395 - 42729-MainThread - /opt/anaconda3/envs/dianping/lib/python3.12/site-packages/fontTools/ttLib/tables/_p_o_s_t.py[line:296] - WARNING: 2 extra bytes in post.stringData array
2024-01-29 22:29:43,456 - 42729-MainThread - /opt/anaconda3/envs/dianping/lib/python3.12/site-packages/fontTools/ttLib/tables/_p_o_s_t.py[line:296] - WARNING: 2 extra bytes in post.stringData array
2024-01-29 22:29:51,403 - 42729-MainThread - /opt/anaconda3/envs/dianping/lib/python3.12/site-packages/fontTools/ttLib/tables/_p_o_s_t.py[line:296] - WARNING: 2 extra bytes in post.stringData array
2024-01-29 22:30:00,849 - 42729-MainThread - /opt/anaconda3/envs/dianping/lib/python3.12/site-packages/fontTools/ttLib/tables/_p_o_s_t.py[line:296] - WARNING: 2 extra bytes in post.stringData array
2024-01-30 09:58:15,454 - 134185-MainThread - /usr/src/workspace/github/QQhuxuhui/dianping_spider/utils/get_font_map.py[line:54] - WARNING: cookie失效或者被限制访问，更新cookie或登录大众点评滑动验证
2024-01-30 10:09:46,820 - 135726-MainThread - /usr/src/workspace/github/QQhuxuhui/dianping_spider/function/search.py[line:45] - WARNING: 搜索页请求被ban，程序终止
2024-01-30 10:09:46,822 - 135726-MainThread - /usr/src/workspace/github/QQhuxuhui/dianping_spider/function/search.py[line:217] - WARNING: 搜索页请求被ban，程序终止
2024-01-30 10:09:46,823 - 135726-MainThread - /usr/src/workspace/github/QQhuxuhui/dianping_spider/function/search.py[line:217] - WARNING: 搜索页请求被ban，程序终止
2024-01-30 10:09:46,824 - 135726-MainThread - /usr/src/workspace/github/QQhuxuhui/dianping_spider/function/search.py[line:217] - WARNING: 搜索页请求被ban，程序终止
2024-01-30 10:09:46,824 - 135726-MainThread - /usr/src/workspace/github/QQhuxuhui/dianping_spider/function/search.py[line:217] - WARNING: 搜索页请求被ban，程序终止
2024-01-30 10:09:46,824 - 135726-MainThread - /usr/src/workspace/github/QQhuxuhui/dianping_spider/function/search.py[line:217] - WARNING: 搜索页请求被ban，程序终止
2024-01-30 10:09:46,824 - 135726-MainThread - /usr/src/workspace/github/QQhuxuhui/dianping_spider/function/search.py[line:217] - WARNING: 搜索页请求被ban，程序终止
2024-01-30 10:09:46,824 - 135726-MainThread - /usr/src/workspace/github/QQhuxuhui/dianping_spider/function/search.py[line:217] - WARNING: 搜索页请求被ban，程序终止
2024-01-30 10:09:46,825 - 135726-MainThread - /usr/src/workspace/github/QQhuxuhui/dianping_spider/function/search.py[line:217] - WARNING: 搜索页请求被ban，程序终止
2024-01-30 10:09:46,825 - 135726-MainThread - /usr/src/workspace/github/QQhuxuhui/dianping_spider/function/search.py[line:217] - WARNING: 搜索页请求被ban，程序终止
2024-01-30 10:09:46,825 - 135726-MainThread - /usr/src/workspace/github/QQhuxuhui/dianping_spider/function/search.py[line:217] - WARNING: 搜索页请求被ban，程序终止
2024-01-30 10:09:46,825 - 135726-MainThread - /usr/src/workspace/github/QQhuxuhui/dianping_spider/function/search.py[line:217] - WARNING: 搜索页请求被ban，程序终止
2024-01-30 10:09:46,826 - 135726-MainThread - /usr/src/workspace/github/QQhuxuhui/dianping_spider/function/search.py[line:217] - WARNING: 搜索页请求被ban，程序终止
2024-01-30 10:09:46,826 - 135726-MainThread - /usr/src/workspace/github/QQhuxuhui/dianping_spider/function/search.py[line:217] - WARNING: 搜索页请求被ban，程序终止
2024-01-30 10:09:46,826 - 135726-MainThread - /usr/src/workspace/github/QQhuxuhui/dianping_spider/function/search.py[line:217] - WARNING: 搜索页请求被ban，程序终止
2024-01-30 10:09:46,826 - 135726-MainThread - /usr/src/workspace/github/QQhuxuhui/dianping_spider/function/search.py[line:217] - WARNING: 搜索页请求被ban，程序终止
2024-01-30 10:09:46,827 - 135726-MainThread - /usr/src/workspace/github/QQhuxuhui/dianping_spider/function/search.py[line:217] - WARNING: 搜索页请求被ban，程序终止
2024-01-30 10:09:46,827 - 135726-MainThread - /usr/src/workspace/github/QQhuxuhui/dianping_spider/function/search.py[line:217] - WARNING: 搜索页请求被ban，程序终止
2024-01-30 10:09:46,827 - 135726-MainThread - /usr/src/workspace/github/QQhuxuhui/dianping_spider/function/search.py[line:217] - WARNING: 搜索页请求被ban，程序终止
2024-01-30 10:09:46,827 - 135726-MainThread - /usr/src/workspace/github/QQhuxuhui/dianping_spider/function/search.py[line:217] - WARNING: 搜索页请求被ban，程序终止
2024-01-30 10:09:46,828 - 135726-MainThread - /usr/src/workspace/github/QQhuxuhui/dianping_spider/function/search.py[line:217] - WARNING: 搜索页请求被ban，程序终止
2024-01-30 10:09:46,828 - 135726-MainThread - /usr/src/workspace/github/QQhuxuhui/dianping_spider/function/search.py[line:217] - WARNING: 搜索页请求被ban，程序终止
2024-01-30 10:09:46,828 - 135726-MainThread - /usr/src/workspace/github/QQhuxuhui/dianping_spider/function/search.py[line:217] - WARNING: 搜索页请求被ban，程序终止
2024-01-30 10:09:46,828 - 135726-MainThread - /usr/src/workspace/github/QQhuxuhui/dianping_spider/function/search.py[line:217] - WARNING: 搜索页请求被ban，程序终止
2024-01-30 10:09:46,828 - 135726-MainThread - /usr/src/workspace/github/QQhuxuhui/dianping_spider/function/search.py[line:217] - WARNING: 搜索页请求被ban，程序终止
2024-01-30 10:10:27,758 - 136009-MainThread - /usr/src/workspace/github/QQhuxuhui/dianping_spider/function/search.py[line:45] - WARNING: 搜索页请求被ban，程序终止
2024-01-30 10:10:27,760 - 136009-MainThread - /usr/src/workspace/github/QQhuxuhui/dianping_spider/function/search.py[line:217] - WARNING: 搜索页请求被ban，程序终止
2024-01-30 10:10:27,762 - 136009-MainThread - /usr/src/workspace/github/QQhuxuhui/dianping_spider/function/search.py[line:217] - WARNING: 搜索页请求被ban，程序终止
2024-01-30 10:10:27,762 - 136009-MainThread - /usr/src/workspace/github/QQhuxuhui/dianping_spider/function/search.py[line:217] - WARNING: 搜索页请求被ban，程序终止
2024-01-30 10:10:27,762 - 136009-MainThread - /usr/src/workspace/github/QQhuxuhui/dianping_spider/function/search.py[line:217] - WARNING: 搜索页请求被ban，程序终止
2024-01-30 10:10:27,762 - 136009-MainThread - /usr/src/workspace/github/QQhuxuhui/dianping_spider/function/search.py[line:217] - WARNING: 搜索页请求被ban，程序终止
2024-01-30 10:10:27,763 - 136009-MainThread - /usr/src/workspace/github/QQhuxuhui/dianping_spider/function/search.py[line:217] - WARNING: 搜索页请求被ban，程序终止
2024-01-30 10:10:27,763 - 136009-MainThread - /usr/src/workspace/github/QQhuxuhui/dianping_spider/function/search.py[line:217] - WARNING: 搜索页请求被ban，程序终止
2024-01-30 10:10:27,763 - 136009-MainThread - /usr/src/workspace/github/QQhuxuhui/dianping_spider/function/search.py[line:217] - WARNING: 搜索页请求被ban，程序终止
2024-01-30 10:10:27,763 - 136009-MainThread - /usr/src/workspace/github/QQhuxuhui/dianping_spider/function/search.py[line:217] - WARNING: 搜索页请求被ban，程序终止
2024-01-30 10:10:27,763 - 136009-MainThread - /usr/src/workspace/github/QQhuxuhui/dianping_spider/function/search.py[line:217] - WARNING: 搜索页请求被ban，程序终止
2024-01-30 10:10:27,764 - 136009-MainThread - /usr/src/workspace/github/QQhuxuhui/dianping_spider/function/search.py[line:217] - WARNING: 搜索页请求被ban，程序终止
2024-01-30 10:10:27,764 - 136009-MainThread - /usr/src/workspace/github/QQhuxuhui/dianping_spider/function/search.py[line:217] - WARNING: 搜索页请求被ban，程序终止
2024-01-30 10:10:27,764 - 136009-MainThread - /usr/src/workspace/github/QQhuxuhui/dianping_spider/function/search.py[line:217] - WARNING: 搜索页请求被ban，程序终止
2024-01-30 10:10:27,764 - 136009-MainThread - /usr/src/workspace/github/QQhuxuhui/dianping_spider/function/search.py[line:217] - WARNING: 搜索页请求被ban，程序终止
2024-01-30 10:10:27,764 - 136009-MainThread - /usr/src/workspace/github/QQhuxuhui/dianping_spider/function/search.py[line:217] - WARNING: 搜索页请求被ban，程序终止
2024-01-30 10:10:27,764 - 136009-MainThread - /usr/src/workspace/github/QQhuxuhui/dianping_spider/function/search.py[line:217] - WARNING: 搜索页请求被ban，程序终止
2024-01-30 10:10:27,765 - 136009-MainThread - /usr/src/workspace/github/QQhuxuhui/dianping_spider/function/search.py[line:217] - WARNING: 搜索页请求被ban，程序终止
2024-01-30 10:10:27,765 - 136009-MainThread - /usr/src/workspace/github/QQhuxuhui/dianping_spider/function/search.py[line:217] - WARNING: 搜索页请求被ban，程序终止
2024-01-30 10:10:27,765 - 136009-MainThread - /usr/src/workspace/github/QQhuxuhui/dianping_spider/function/search.py[line:217] - WARNING: 搜索页请求被ban，程序终止
2024-01-30 10:10:27,765 - 136009-MainThread - /usr/src/workspace/github/QQhuxuhui/dianping_spider/function/search.py[line:217] - WARNING: 搜索页请求被ban，程序终止
2024-01-30 10:10:27,765 - 136009-MainThread - /usr/src/workspace/github/QQhuxuhui/dianping_spider/function/search.py[line:217] - WARNING: 搜索页请求被ban，程序终止
2024-01-30 10:10:27,765 - 136009-MainThread - /usr/src/workspace/github/QQhuxuhui/dianping_spider/function/search.py[line:217] - WARNING: 搜索页请求被ban，程序终止
2024-01-30 10:10:27,766 - 136009-MainThread - /usr/src/workspace/github/QQhuxuhui/dianping_spider/function/search.py[line:217] - WARNING: 搜索页请求被ban，程序终止
2024-01-30 10:10:27,766 - 136009-MainThread - /usr/src/workspace/github/QQhuxuhui/dianping_spider/function/search.py[line:217] - WARNING: 搜索页请求被ban，程序终止
2024-01-30 10:10:27,766 - 136009-MainThread - /usr/src/workspace/github/QQhuxuhui/dianping_spider/function/search.py[line:217] - WARNING: 搜索页请求被ban，程序终止
2024-01-30 10:10:27,766 - 136009-MainThread - /usr/src/workspace/github/QQhuxuhui/dianping_spider/function/search.py[line:217] - WARNING: 搜索页请求被ban，程序终止
2024-01-30 10:10:27,766 - 136009-MainThread - /usr/src/workspace/github/QQhuxuhui/dianping_spider/function/search.py[line:217] - WARNING: 搜索页请求被ban，程序终止
2024-01-30 10:10:27,766 - 136009-MainThread - /usr/src/workspace/github/QQhuxuhui/dianping_spider/function/search.py[line:217] - WARNING: 搜索页请求被ban，程序终止
2024-01-30 10:10:27,766 - 136009-MainThread - /usr/src/workspace/github/QQhuxuhui/dianping_spider/function/search.py[line:217] - WARNING: 搜索页请求被ban，程序终止
2024-01-30 10:10:27,766 - 136009-MainThread - /usr/src/workspace/github/QQhuxuhui/dianping_spider/function/search.py[line:217] - WARNING: 搜索页请求被ban，程序终止
2024-01-30 10:10:27,767 - 136009-MainThread - /usr/src/workspace/github/QQhuxuhui/dianping_spider/function/search.py[line:217] - WARNING: 搜索页请求被ban，程序终止
2024-01-30 10:10:27,767 - 136009-MainThread - /usr/src/workspace/github/QQhuxuhui/dianping_spider/function/search.py[line:217] - WARNING: 搜索页请求被ban，程序终止
2024-01-30 10:10:27,767 - 136009-MainThread - /usr/src/workspace/github/QQhuxuhui/dianping_spider/function/search.py[line:217] - WARNING: 搜索页请求被ban，程序终止
2024-01-30 10:10:27,767 - 136009-MainThread - /usr/src/workspace/github/QQhuxuhui/dianping_spider/function/search.py[line:217] - WARNING: 搜索页请求被ban，程序终止
2024-01-30 10:10:27,767 - 136009-MainThread - /usr/src/workspace/github/QQhuxuhui/dianping_spider/function/search.py[line:217] - WARNING: 搜索页请求被ban，程序终止
2024-01-30 10:10:27,769 - 136009-MainThread - /usr/src/workspace/github/QQhuxuhui/dianping_spider/function/search.py[line:217] - WARNING: 搜索页请求被ban，程序终止
2024-01-30 10:10:27,770 - 136009-MainThread - /usr/src/workspace/github/QQhuxuhui/dianping_spider/function/search.py[line:217] - WARNING: 搜索页请求被ban，程序终止
2024-01-30 10:10:27,770 - 136009-MainThread - /usr/src/workspace/github/QQhuxuhui/dianping_spider/function/search.py[line:217] - WARNING: 搜索页请求被ban，程序终止
2024-01-30 10:13:36,267 - 136429-MainThread - /usr/src/workspace/github/QQhuxuhui/dianping_spider/utils/get_font_map.py[line:54] - WARNING: cookie失效或者被限制访问，更新cookie或登录大众点评滑动验证
2024-01-30 10:40:51,648 - 139958-MainThread - /usr/src/workspace/github/QQhuxuhui/dianping_spider/utils/get_font_map.py[line:54] - WARNING: cookie失效或者被限制访问，更新cookie或登录大众点评滑动验证
2024-01-31 15:52:32,589 - 16862-MainThread - /usr/src/workspace/github/QQhuxuhui/dianping_spider/utils/get_font_map.py[line:54] - WARNING: cookie失效或者被限制访问，更新cookie或登录大众点评滑动验证
2024-01-31 15:53:05,969 - 17019-MainThread - /usr/src/workspace/github/QQhuxuhui/dianping_spider/utils/get_font_map.py[line:54] - WARNING: cookie失效或者被限制访问，更新cookie或登录大众点评滑动验证
2024-01-31 18:29:10,546 - 31059-MainThread - /usr/src/workspace/github/QQhuxuhui/dianping_spider/function/search.py[line:46] - WARNING: 搜索页请求被ban，程序终止
2024-01-31 18:58:20,395 - 74891-MainThread - /usr/src/workspace/github/QQhuxuhui/dianping_spider/function/search.py[line:46] - WARNING: 搜索页请求被ban，程序终止
2024-02-01 11:40:05,221 - 1907-MainThread - /usr/src/workspace/github/QQhuxuhui/dianping_spider/utils/requests_utils.py[line:55] - INFO: 使用cookie池
2024-02-01 11:40:34,632 - 2051-MainThread - /usr/src/workspace/github/QQhuxuhui/dianping_spider/utils/requests_utils.py[line:55] - INFO: 使用cookie池
2024-02-01 11:40:37,204 - 2051-MainThread - /usr/src/workspace/github/QQhuxuhui/dianping_spider/utils/requests_utils.py[line:252] - INFO: 所有cookie均已失效，替换（替换后等待一段时间会自动继续）或等待解封
2024-02-01 11:41:09,206 - 2172-MainThread - /usr/src/workspace/github/QQhuxuhui/dianping_spider/utils/get_font_map.py[line:54] - WARNING: cookie失效或者被限制访问，更新cookie或登录大众点评滑动验证
